{
  "RSpec": {
    "coverage": {
      "/Users/Aniela/challenges/Capstone/terpsichore/app/models/user.rb": [
        1,
        null,
        null,
        1,
        null,
        null,
        1,
        1,
        1,
        null
      ],
      "/Users/Aniela/challenges/Capstone/terpsichore/app/models/application_record.rb": [
        1,
        1,
        null
      ],
      "/Users/Aniela/challenges/Capstone/terpsichore/app/helpers/application_helper.rb": [
        1,
        null
      ],
      "/Users/Aniela/challenges/Capstone/terpsichore/app/models/comment_type.rb": [
        1,
        1,
        null,
        1,
        1,
        null
      ],
      "/Users/Aniela/challenges/Capstone/terpsichore/app/models/dance_comment.rb": [
        1,
        1,
        1,
        1,
        null,
        1,
        1,
        1,
        1,
        null,
        1,
        0,
        null,
        null
      ],
      "/Users/Aniela/challenges/Capstone/terpsichore/app/models/dance_direction.rb": [
        1,
        1,
        null,
        1,
        1,
        1,
        null
      ],
      "/Users/Aniela/challenges/Capstone/terpsichore/app/models/dance_level.rb": [
        1,
        1,
        null,
        1,
        1,
        null
      ],
      "/Users/Aniela/challenges/Capstone/terpsichore/app/models/dance.rb": [
        1,
        1,
        1,
        1,
        1,
        1,
        1,
        1,
        1,
        1,
        1,
        null,
        1,
        1,
        1,
        1,
        1,
        1,
        null,
        1,
        0,
        null,
        null
      ],
      "/Users/Aniela/challenges/Capstone/terpsichore/app/models/formation.rb": [
        1,
        1,
        null,
        1,
        1,
        null
      ],
      "/Users/Aniela/challenges/Capstone/terpsichore/app/models/key.rb": [
        1,
        1,
        null,
        1,
        null
      ],
      "/Users/Aniela/challenges/Capstone/terpsichore/app/models/meter.rb": [
        1,
        1,
        null,
        1,
        null
      ],
      "/Users/Aniela/challenges/Capstone/terpsichore/app/models/mood.rb": [
        1,
        1,
        1,
        null,
        1,
        null
      ],
      "/Users/Aniela/challenges/Capstone/terpsichore/app/models/tempo.rb": [
        1,
        1,
        null,
        1,
        null
      ],
      "/Users/Aniela/challenges/Capstone/terpsichore/app/controllers/users_controller.rb": [
        1,
        1,
        1,
        1,
        null,
        1,
        null,
        null,
        1,
        null,
        null,
        null,
        null,
        1,
        null,
        1,
        16,
        null,
        null,
        1,
        3,
        null,
        null,
        1,
        null,
        null,
        null,
        1,
        null,
        null,
        null
      ],
      "/Users/Aniela/challenges/Capstone/terpsichore/app/controllers/application_controller.rb": [
        1,
        null,
        null,
        1,
        null,
        1,
        null,
        1,
        0,
        null,
        null,
        1,
        null,
        1,
        26,
        null,
        null,
        null
      ],
      "/Users/Aniela/challenges/Capstone/terpsichore/app/channels/application_cable/channel.rb": [
        0,
        0,
        0,
        0
      ],
      "/Users/Aniela/challenges/Capstone/terpsichore/app/channels/application_cable/connection.rb": [
        0,
        0,
        0,
        0
      ],
      "/Users/Aniela/challenges/Capstone/terpsichore/app/jobs/application_job.rb": [
        0,
        0
      ],
      "/Users/Aniela/challenges/Capstone/terpsichore/app/mailers/application_mailer.rb": [
        0,
        0,
        0,
        0
      ],
      "/Users/Aniela/challenges/Capstone/terpsichore/app/models/dance_mood.rb": [
        0,
        0,
        0,
        0
      ]
    },
    "timestamp": 1497041550
  }
}
