{
  "RSpec": {
    "coverage": {
      "/Users/Aniela/challenges/Capstone/terpsichore/app/models/comment_type.rb": [
        1,
        1,
        null,
        1,
        1,
        null
      ],
      "/Users/Aniela/challenges/Capstone/terpsichore/app/models/application_record.rb": [
        1,
        1,
        null
      ],
      "/Users/Aniela/challenges/Capstone/terpsichore/app/models/user.rb": [
        1,
        1,
        1,
        null,
        null,
        null,
        1,
        null,
        null,
        1,
        1,
        1,
        null,
        1,
        3,
        null,
        null,
        1,
        3,
        null,
        null
      ],
      "/Users/Aniela/challenges/Capstone/terpsichore/app/helpers/application_helper.rb": [
        1,
        null
      ],
      "/Users/Aniela/challenges/Capstone/terpsichore/app/models/dance_comment.rb": [
        1,
        1,
        1,
        1,
        null,
        1,
        1,
        1,
        1,
        null,
        1,
        118,
        null,
        null
      ],
      "/Users/Aniela/challenges/Capstone/terpsichore/app/models/dance_direction.rb": [
        1,
        1,
        null,
        1,
        1,
        1,
        null
      ],
      "/Users/Aniela/challenges/Capstone/terpsichore/app/models/dance_level.rb": [
        1,
        1,
        null,
        1,
        1,
        null
      ],
      "/Users/Aniela/challenges/Capstone/terpsichore/app/models/dance.rb": [
        1,
        1,
        1,
        1,
        1,
        1,
        1,
        1,
        1,
        1,
        1,
        null,
        1,
        1,
        1,
        1,
        1,
        1,
        null,
        1,
        118,
        null,
        null
      ],
      "/Users/Aniela/challenges/Capstone/terpsichore/app/models/formation.rb": [
        1,
        1,
        null,
        1,
        1,
        null
      ],
      "/Users/Aniela/challenges/Capstone/terpsichore/app/models/key.rb": [
        1,
        1,
        null,
        1,
        null
      ],
      "/Users/Aniela/challenges/Capstone/terpsichore/app/models/meter.rb": [
        1,
        1,
        null,
        1,
        null
      ],
      "/Users/Aniela/challenges/Capstone/terpsichore/app/models/mood.rb": [
        1,
        1,
        1,
        null,
        1,
        null
      ],
      "/Users/Aniela/challenges/Capstone/terpsichore/app/models/tempo.rb": [
        1,
        1,
        null,
        1,
        null
      ],
      "/Users/Aniela/challenges/Capstone/terpsichore/app/controllers/comment_types_controller.rb": [
        1,
        1,
        1,
        1,
        1,
        null,
        1,
        null,
        null,
        1,
        null,
        null,
        1,
        2,
        null,
        null,
        1,
        2,
        2,
        1,
        null,
        1,
        1,
        null,
        null,
        null,
        1,
        null,
        null,
        1,
        2,
        1,
        null,
        1,
        1,
        null,
        null,
        null,
        1,
        1,
        1,
        1,
        null,
        0,
        null,
        null,
        null,
        1,
        null,
        1,
        8,
        null,
        null,
        1,
        17,
        null,
        null,
        1,
        4,
        null,
        null,
        null,
        null,
        null
      ],
      "/Users/Aniela/challenges/Capstone/terpsichore/app/controllers/application_controller.rb": [
        1,
        null,
        null,
        1,
        null,
        1,
        null,
        1,
        281,
        null,
        null,
        1,
        null,
        1,
        36,
        null,
        null,
        null
      ],
      "/Users/Aniela/challenges/Capstone/terpsichore/Rakefile": [
        null,
        null,
        null,
        null,
        1,
        null,
        1
      ],
      "/Users/Aniela/challenges/Capstone/terpsichore/app/controllers/dances_controller.rb": [
        1,
        1,
        1,
        1,
        1,
        1,
        1,
        1,
        1,
        null,
        1,
        null,
        null,
        1,
        37,
        null,
        null,
        1,
        6,
        6,
        null,
        null,
        1,
        0,
        0,
        0,
        null,
        0,
        0,
        null,
        null,
        null,
        1,
        null,
        null,
        1,
        0,
        0,
        null,
        0,
        0,
        null,
        null,
        null,
        1,
        1,
        1,
        1,
        null,
        1,
        1,
        null,
        null,
        1,
        null,
        1,
        38,
        null,
        null,
        1,
        28,
        null,
        null,
        1,
        37,
        null,
        null,
        1,
        6,
        null,
        null,
        1,
        38,
        null,
        null,
        1,
        43,
        43,
        43,
        43,
        43,
        43,
        43,
        null,
        null,
        1,
        0,
        null,
        null,
        null,
        null,
        null,
        null,
        null,
        null,
        null,
        null,
        null,
        null,
        null,
        null
      ],
      "/Users/Aniela/challenges/Capstone/terpsichore/app/models/dance_mood.rb": [
        1,
        1,
        1,
        null
      ],
      "/Users/Aniela/challenges/Capstone/terpsichore/app/controllers/dance_comments_controller.rb": [
        1,
        1,
        1,
        1,
        1,
        1,
        1,
        null,
        1,
        null,
        null,
        1,
        null,
        null,
        1,
        4,
        null,
        null,
        1,
        4,
        null,
        null,
        null,
        null,
        null,
        4,
        2,
        null,
        2,
        2,
        null,
        null,
        null,
        1,
        null,
        null,
        1,
        2,
        1,
        null,
        1,
        1,
        null,
        null,
        null,
        1,
        5,
        5,
        null,
        null,
        1,
        null,
        1,
        22,
        null,
        null,
        1,
        8,
        null,
        null,
        1,
        13,
        null,
        null,
        1,
        8,
        null,
        null,
        1,
        6,
        null,
        null,
        null,
        null,
        null,
        null,
        null
      ],
      "/Users/Aniela/challenges/Capstone/terpsichore/app/controllers/dance_directions_controller.rb": [
        1,
        1,
        1,
        1,
        null,
        1,
        null,
        null,
        1,
        null,
        1,
        3,
        null,
        null,
        1,
        0,
        null,
        null,
        null,
        null,
        null,
        null,
        null,
        null,
        null
      ],
      "/Users/Aniela/challenges/Capstone/terpsichore/app/controllers/dance_levels_controller.rb": [
        1,
        1,
        1,
        null,
        1,
        7,
        null,
        null,
        1,
        null,
        null,
        1,
        2,
        null,
        null,
        1,
        2,
        2,
        1,
        null,
        1,
        1,
        null,
        null,
        null,
        1,
        null,
        null,
        1,
        2,
        1,
        null,
        1,
        1,
        null,
        null,
        null,
        1,
        1,
        1,
        1,
        null,
        0,
        null,
        null,
        null,
        1,
        null,
        1,
        7,
        null,
        null,
        1,
        15,
        null,
        null,
        1,
        4,
        null,
        null,
        null,
        null,
        null
      ],
      "/Users/Aniela/challenges/Capstone/terpsichore/app/controllers/users_controller.rb": [
        1,
        1,
        1,
        1,
        null,
        1,
        null,
        null,
        1,
        3,
        3,
        null,
        null,
        1,
        null,
        1,
        1,
        null,
        null,
        1,
        3,
        null,
        null,
        1,
        3,
        null,
        null,
        1,
        3,
        null,
        null
      ],
      "/Users/Aniela/challenges/Capstone/terpsichore/app/controllers/formations_controller.rb": [
        1,
        1,
        1,
        null,
        1,
        7,
        null,
        null,
        1,
        null,
        null,
        1,
        2,
        null,
        null,
        1,
        2,
        2,
        1,
        null,
        1,
        1,
        null,
        null,
        null,
        1,
        null,
        null,
        1,
        2,
        1,
        null,
        1,
        1,
        null,
        null,
        null,
        1,
        1,
        1,
        1,
        null,
        0,
        null,
        null,
        null,
        1,
        null,
        1,
        7,
        null,
        null,
        1,
        15,
        null,
        null,
        1,
        4,
        null,
        null,
        null,
        null,
        null
      ],
      "/Users/Aniela/challenges/Capstone/terpsichore/app/controllers/keys_controller.rb": [
        1,
        1,
        1,
        null,
        1,
        7,
        null,
        null,
        1,
        null,
        null,
        1,
        2,
        null,
        null,
        1,
        2,
        2,
        1,
        null,
        1,
        1,
        null,
        null,
        null,
        1,
        null,
        null,
        1,
        2,
        1,
        null,
        1,
        1,
        null,
        null,
        null,
        1,
        1,
        1,
        1,
        null,
        0,
        null,
        null,
        null,
        1,
        null,
        1,
        7,
        null,
        null,
        1,
        15,
        null,
        null,
        1,
        4,
        null,
        null,
        null,
        null
      ],
      "/Users/Aniela/challenges/Capstone/terpsichore/app/controllers/meters_controller.rb": [
        1,
        1,
        1,
        null,
        1,
        7,
        null,
        null,
        1,
        null,
        null,
        1,
        2,
        null,
        null,
        1,
        2,
        2,
        1,
        null,
        1,
        1,
        null,
        null,
        null,
        1,
        null,
        null,
        1,
        2,
        1,
        null,
        1,
        1,
        null,
        null,
        null,
        1,
        1,
        1,
        1,
        null,
        0,
        null,
        null,
        null,
        1,
        null,
        1,
        7,
        null,
        null,
        1,
        15,
        null,
        null,
        1,
        4,
        null,
        null,
        null,
        null,
        null
      ],
      "/Users/Aniela/challenges/Capstone/terpsichore/app/controllers/moods_controller.rb": [
        1,
        1,
        1,
        null,
        1,
        7,
        null,
        null,
        1,
        null,
        null,
        1,
        2,
        null,
        null,
        1,
        2,
        2,
        1,
        null,
        1,
        1,
        null,
        null,
        null,
        1,
        null,
        null,
        1,
        2,
        1,
        null,
        1,
        1,
        null,
        null,
        null,
        1,
        1,
        1,
        1,
        null,
        0,
        null,
        null,
        null,
        1,
        null,
        1,
        7,
        null,
        null,
        1,
        15,
        null,
        null,
        1,
        4,
        null,
        null,
        null,
        null
      ],
      "/Users/Aniela/challenges/Capstone/terpsichore/app/controllers/tempos_controller.rb": [
        1,
        1,
        1,
        null,
        1,
        7,
        null,
        null,
        1,
        null,
        null,
        1,
        2,
        null,
        null,
        1,
        2,
        2,
        1,
        null,
        1,
        1,
        null,
        null,
        null,
        1,
        null,
        null,
        1,
        2,
        1,
        null,
        1,
        1,
        null,
        null,
        null,
        1,
        1,
        1,
        1,
        null,
        0,
        null,
        null,
        null,
        1,
        null,
        1,
        7,
        null,
        null,
        1,
        15,
        null,
        null,
        1,
        4,
        null,
        null,
        null,
        null,
        null
      ],
      "/Users/Aniela/challenges/Capstone/terpsichore/app/channels/application_cable/channel.rb": [
        0,
        0,
        0,
        0
      ],
      "/Users/Aniela/challenges/Capstone/terpsichore/app/channels/application_cable/connection.rb": [
        0,
        0,
        0,
        0
      ],
      "/Users/Aniela/challenges/Capstone/terpsichore/app/controllers/api/dance_comments_controller.rb": [
        0,
        0,
        0,
        0,
        0,
        0,
        0,
        0,
        0,
        0,
        0,
        0,
        0,
        0,
        0,
        0,
        0,
        0,
        0,
        0,
        0,
        0,
        0,
        0,
        0,
        0,
        0,
        0,
        0
      ],
      "/Users/Aniela/challenges/Capstone/terpsichore/app/controllers/api/dance_directions_controller.rb": [
        0,
        0,
        0,
        0,
        0,
        0,
        0,
        0,
        0,
        0,
        0,
        0,
        0,
        0,
        0,
        0,
        0,
        0,
        0,
        0,
        0,
        0,
        0,
        0,
        0,
        0,
        0,
        0,
        0
      ],
      "/Users/Aniela/challenges/Capstone/terpsichore/app/controllers/api/dances_controller.rb": [
        0,
        0,
        0,
        0,
        0,
        0,
        0,
        0,
        0,
        0,
        0,
        0,
        0,
        0,
        0,
        0,
        0,
        0,
        0,
        0,
        0,
        0,
        0,
        0,
        0,
        0,
        0,
        0,
        0,
        0,
        0,
        0,
        0
      ],
      "/Users/Aniela/challenges/Capstone/terpsichore/app/jobs/application_job.rb": [
        0,
        0
      ],
      "/Users/Aniela/challenges/Capstone/terpsichore/app/mailers/application_mailer.rb": [
        0,
        0,
        0,
        0
      ]
    },
    "timestamp": 1497202533
  }
}
